<?xml version="1.0" encoding="utf-8"?><testsuites name="pytest tests"><testsuite name="pytest" errors="0" failures="1" skipped="0" tests="92" time="90.233" timestamp="2026-09-17T17:33:30.688424+00:00" hostname="agent-env-e593cfd4-94ec-4782-b6d2-96db6262fe49"><testcase classname="tests.test_autoads" name="test_login_page_loads" time="0.336" /><testcase classname="tests.test_autoads" name="test_admin_login_redirects_to_dashboard" time="0.499" /><testcase classname="tests.test_autoads" name="test_advertiser_login_redirects_to_portal" time="0.503" /><testcase classname="tests.test_autoads" name="test_driver_login_redirects_to_portal" time="0.561" /><testcase classname="tests.test_autoads" name="test_owner_login_redirects_to_portal" time="0.515" /><testcase classname="tests.test_autoads" name="test_tech_login_redirects_to_portal" time="0.578" /><testcase classname="tests.test_autoads" name="test_admin_page_renders[/dashboard]" time="0.648" /><testcase classname="tests.test_autoads" name="test_admin_page_renders[/autos]" time="0.106" /><testcase classname="tests.test_autoads" name="test_admin_page_renders[/owners]" time="0.106" /><testcase classname="tests.test_autoads" name="test_admin_page_renders[/drivers]" time="0.104" /><testcase classname="tests.test_autoads" name="test_admin_page_renders[/screens]" time="0.103" /><testcase classname="tests.test_autoads" name="test_admin_page_renders[/devices]" time="0.115" /><testcase classname="tests.test_autoads" name="test_admin_page_renders[/sims]" time="0.111" /><testcase classname="tests.test_autoads" name="test_admin_page_renders[/advertisers]" time="0.103" /><testcase classname="tests.test_autoads" name="test_admin_page_renders[/advertisements]" time="0.107" /><testcase classname="tests.test_autoads" name="test_admin_page_renders[/advertisements/approvals]" time="0.106" /><testcase classname="tests.test_autoads" name="test_admin_page_renders[/campaigns]" time="0.123" /><testcase classname="tests.test_autoads" name="test_admin_page_renders[/playlists]" time="0.119" /><testcase classname="tests.test_autoads" name="test_admin_page_renders[/proof-of-play]" time="0.154" /><testcase classname="tests.test_autoads" name="test_admin_page_renders[/installations]" time="0.115" /><testcase classname="tests.test_autoads" name="test_admin_page_renders[/assets]" time="0.122" /><testcase classname="tests.test_autoads" name="test_admin_page_renders[/maintenance]" time="0.124" /><testcase classname="tests.test_autoads" name="test_admin_page_renders[/warranties]" time="0.117" /><testcase classname="tests.test_autoads" name="test_admin_page_renders[/vendors]" time="0.120" /><testcase classname="tests.test_autoads" name="test_admin_page_renders[/revenue]" time="0.141" /><testcase classname="tests.test_autoads" name="test_admin_page_renders[/invoices]" time="0.120" /><testcase classname="tests.test_autoads" name="test_admin_page_renders[/payments]" time="0.097" /><testcase classname="tests.test_autoads" name="test_admin_page_renders[/expenses]" time="0.113" /><testcase classname="tests.test_autoads" name="test_admin_page_renders[/rate-cards]" time="0.098" /><testcase classname="tests.test_autoads" name="test_admin_page_renders[/earnings]" time="0.107" /><testcase classname="tests.test_autoads" name="test_admin_page_renders[/settlements]" time="0.123" /><testcase classname="tests.test_autoads" name="test_admin_page_renders[/profitability]" time="0.134" /><testcase classname="tests.test_autoads" name="test_admin_page_renders[/reports]" time="0.126" /><testcase classname="tests.test_autoads" name="test_admin_page_renders[/reports/revenue]" time="0.111" /><testcase classname="tests.test_autoads" name="test_admin_page_renders[/reports/profitability]" time="0.108" /><testcase classname="tests.test_autoads" name="test_admin_page_renders[/reports/playback]" time="0.116" /><testcase classname="tests.test_autoads" name="test_admin_page_renders[/api-apps]" time="0.328" /><testcase classname="tests.test_autoads" name="test_admin_page_renders[/api-logs]" time="0.105" /><testcase classname="tests.test_autoads" name="test_admin_page_renders[/webhooks]" time="0.105" /><testcase classname="tests.test_autoads" name="test_admin_page_renders[/users]" time="0.103" /><testcase classname="tests.test_autoads" name="test_admin_page_renders[/roles]" time="0.103" /><testcase classname="tests.test_autoads" name="test_admin_page_renders[/audit-logs]" time="0.103" /><testcase classname="tests.test_autoads" name="test_admin_page_renders[/email-logs]" time="0.104" /><testcase classname="tests.test_autoads" name="test_admin_page_renders[/notification-logs]" time="0.103" /><testcase classname="tests.test_autoads" name="test_admin_page_renders[/settings]" time="0.096" /><testcase classname="tests.test_autoads" name="test_admin_page_renders[/search?q=phonepe]" time="0.112" /><testcase classname="tests.test_autoads" name="test_admin_page_renders[/devices/1]" time="0.104" /><testcase classname="tests.test_autoads" name="test_admin_page_renders[/autos/1]" time="0.102" /><testcase classname="tests.test_autoads" name="test_admin_page_renders[/campaigns/1]" time="0.107" /><testcase classname="tests.test_autoads" name="test_admin_page_renders[/drivers/1]" time="0.103" /><testcase classname="tests.test_autoads" name="test_advertiser_portal_content" time="0.686" /><testcase classname="tests.test_autoads" name="test_driver_portal_content" time="0.612" /><testcase classname="tests.test_autoads" name="test_owner_portal_content" time="0.659" /><testcase classname="tests.test_autoads" name="test_tech_portal_content" time="0.629" /><testcase classname="tests.test_autoads" name="test_users_index_and_create_form" time="0.197" /><testcase classname="tests.test_autoads" name="test_users_create_and_flash" time="0.587" /><testcase classname="tests.test_autoads" name="test_roles_index_and_forms" time="0.340" /><testcase classname="tests.test_autoads" name="test_swagger_ui_requires_auth" time="0.212" /><testcase classname="tests.test_autoads" name="test_openapi_json_requires_auth" time="0.200" /><testcase classname="tests.test_autoads" name="test_swagger_ui_admin_session" time="0.099" /><testcase classname="tests.test_autoads" name="test_openapi_json_admin_session" time="0.101" /><testcase classname="tests.test_autoads" name="test_api_me" time="0.609" /><testcase classname="tests.test_autoads" name="test_api_campaigns" time="0.159" /><testcase classname="tests.test_autoads" name="test_api_autos" time="0.222" /><testcase classname="tests.test_autoads" name="test_device_authenticate" time="0.632" /><testcase classname="tests.test_autoads" name="test_device_heartbeat" time="0.382" /><testcase classname="tests.test_autoads" name="test_device_configuration" time="0.406" /><testcase classname="tests.test_autoads" name="test_device_campaigns" time="0.406" /><testcase classname="tests.test_autoads" name="test_device_content" time="0.382" /><testcase classname="tests.test_autoads" name="test_device_playback_events" time="0.389" /><testcase classname="tests.test_autoads" name="test_device_status" time="0.397" /><testcase classname="tests.test_autoads" name="test_device_acknowledgement" time="0.439" /><testcase classname="tests.test_security.TestSec001Authorization" name="test_advertiser_forbidden_on_owners" time="0.578" /><testcase classname="tests.test_security.TestSec001Authorization" name="test_advertiser_forbidden_on_drivers" time="0.552" /><testcase classname="tests.test_security.TestSec001Authorization" name="test_advertiser_forbidden_on_payments" time="0.628" /><testcase classname="tests.test_security.TestSec001Authorization" name="test_advertiser_forbidden_on_settlements" time="0.563" /><testcase classname="tests.test_security.TestSec001Authorization" name="test_advertiser_campaigns_scoped" time="0.686" /><testcase classname="tests.test_security.TestSec001Authorization" name="test_advertiser_cannot_read_other_campaign" time="0.687" /><testcase classname="tests.test_security.TestSec001Authorization" name="test_driver_settlements_scoped" time="0.598" /><testcase classname="tests.test_security.TestSec001Authorization" name="test_driver_forbidden_on_autos" time="0.612" /><testcase classname="tests.test_security.TestSec001Authorization" name="test_admin_has_full_access" time="60.804"><failure message="AssertionError: api login admin@autoads.test -&gt; 429: {&quot;success&quot;:false,&quot;message&quot;:&quot;Too Many Attempts.&quot;,&quot;request_id&quot;:&quot;d70e76f1-1f5b-4b67-adc7-b2643731bff2&quot;}&#10;assert 429 == 200&#10; +  where 429 = &lt;Response [429]&gt;.status_code">E   AssertionError: api login admin@autoads.test -&gt; 429: {"success":false,"message":"Too Many Attempts.","request_id":"d70e76f1-1f5b-4b67-adc7-b2643731bff2"}
    assert 429 == 200
     +  where 429 = &lt;Response [429]&gt;.status_code</failure></testcase><testcase classname="tests.test_security.TestSec002DebugOff" name="test_404_generic_page" time="0.207" /><testcase classname="tests.test_security.TestSec002DebugOff" name="test_500_generic_page_admin" time="0.577" /><testcase classname="tests.test_security.TestSec003DisputeIDOR" name="test_driver_cannot_dispute_others_settlement" time="0.745" /><testcase classname="tests.test_security.TestSec003DisputeIDOR" name="test_driver_can_dispute_own_settlement" time="0.634" /><testcase classname="tests.test_security.TestSec004UserCreate" name="test_admin_can_create_user" time="1.030" /><testcase classname="tests.test_security.TestApiDocsGating" name="test_docs_guest_401" time="0.186" /><testcase classname="tests.test_security.TestApiDocsGating" name="test_openapi_guest_401" time="0.176" /><testcase classname="tests.test_security.TestApiDocsGating" name="test_docs_admin_session_200" time="0.708" /><testcase classname="tests.test_security.TestApiDocsGating" name="test_openapi_admin_session_200" time="0.601" /><testcase classname="tests.test_security.TestRateLimit" name="test_login_throttle_11th_returns_429" time="1.948" /><testcase classname="tests.test_security.TestRateLimit" name="test_device_authenticate_throttle" time="0.169" /></testsuite></testsuites>