<?xml version="1.0" encoding="utf-8"?><testsuites name="pytest tests"><testsuite name="pytest" errors="0" failures="2" skipped="0" tests="45" time="11.347" timestamp="2026-09-17T18:56:10.694116+00:00" hostname="agent-env-e593cfd4-94ec-4782-b6d2-96db6262fe49"><testcase classname="tests.test_public_site" name="test_public_page_renders[/]" time="0.363" /><testcase classname="tests.test_public_site" name="test_public_page_renders[/how-it-works]" time="0.188" /><testcase classname="tests.test_public_site" name="test_public_page_renders[/for-advertisers]" time="0.243" /><testcase classname="tests.test_public_site" name="test_public_page_renders[/auto-owners]" time="0.282" /><testcase classname="tests.test_public_site" name="test_public_page_renders[/network]" time="0.199" /><testcase classname="tests.test_public_site" name="test_public_page_renders[/advertising-solutions]" time="0.182" /><testcase classname="tests.test_public_site" name="test_public_page_renders[/technology]" time="0.227" /><testcase classname="tests.test_public_site" name="test_public_page_renders[/analytics]" time="0.232" /><testcase classname="tests.test_public_site" name="test_public_page_renders[/developers]" time="0.180" /><testcase classname="tests.test_public_site" name="test_public_page_renders[/about]" time="0.221" /><testcase classname="tests.test_public_site" name="test_public_page_renders[/pricing]" time="0.170" /><testcase classname="tests.test_public_site" name="test_public_page_renders[/faq]" time="0.163" /><testcase classname="tests.test_public_site" name="test_public_page_renders[/contact]" time="0.174" /><testcase classname="tests.test_public_site" name="test_public_page_renders[/legal/privacy]" time="0.139" /><testcase classname="tests.test_public_site" name="test_public_page_renders[/legal/terms]" time="0.223" /><testcase classname="tests.test_public_site" name="test_public_page_renders[/legal/cookie]" time="0.181" /><testcase classname="tests.test_public_site" name="test_sitemap_xml" time="0.131" /><testcase classname="tests.test_public_site" name="test_robots_txt" time="0.123"><failure message="AssertionError: assert ('Sitemap' in 'User-agent: *\nDisallow:\n' or 'sitemap' in 'User-agent: *\nDisallow:\n')">backend/tests/test_public_site.py:86: in test_robots_txt
    assert "Sitemap" in body or "sitemap" in body
E   AssertionError: assert ('Sitemap' in 'User-agent: *\nDisallow:\n' or 'sitemap' in 'User-agent: *\nDisallow:\n')</failure></testcase><testcase classname="tests.test_public_site" name="test_home_has_hero_and_ctas" time="0.189" /><testcase classname="tests.test_public_site" name="test_home_mobile_menu_markers" time="0.188" /><testcase classname="tests.test_public_site" name="test_footer_legal_links" time="0.274" /><testcase classname="tests.test_public_site" name="test_network_page_shows_stats_and_coverage" time="0.186" /><testcase classname="tests.test_public_site" name="test_pricing_shows_four_plans" time="0.176" /><testcase classname="tests.test_public_site" name="test_faq_has_accordion_testids" time="0.142" /><testcase classname="tests.test_public_site" name="test_stats_json_endpoint" time="0.234" /><testcase classname="tests.test_public_site" name="test_contact_form_creates_flash" time="0.518" /><testcase classname="tests.test_public_site" name="test_lead_appears_in_admin_leads_inbox" time="0.746" /><testcase classname="tests.test_public_site" name="test_lead_detail_and_status_update" time="0.129"><failure message="AssertionError: no lead detail link found on /leads&#10;assert None">backend/tests/test_public_site.py:193: in test_lead_detail_and_status_update
    assert m, "no lead detail link found on /leads"
E   AssertionError: no lead detail link found on /leads
E   assert None</failure></testcase><testcase classname="tests.test_public_site" name="test_admin_notification_for_new_lead" time="0.252" /><testcase classname="tests.test_public_site" name="test_branding_settings_form_renders" time="0.124" /><testcase classname="tests.test_public_site" name="test_branding_settings_save_persists_tagline" time="0.358" /><testcase classname="tests.test_public_site" name="test_admin_pages_still_work[/dashboard]" time="0.134" /><testcase classname="tests.test_public_site" name="test_admin_pages_still_work[/autos]" time="0.133" /><testcase classname="tests.test_public_site" name="test_admin_pages_still_work[/devices]" time="0.132" /><testcase classname="tests.test_public_site" name="test_admin_pages_still_work[/campaigns]" time="0.131" /><testcase classname="tests.test_public_site" name="test_admin_pages_still_work[/settlements]" time="0.129" /><testcase classname="tests.test_public_site" name="test_admin_pages_still_work[/users]" time="0.124" /><testcase classname="tests.test_public_site" name="test_admin_pages_still_work[/leads]" time="0.126" /><testcase classname="tests.test_public_site" name="test_portal_login_redirects[advertiser@autoads.test-/portal/advertiser]" time="0.544" /><testcase classname="tests.test_public_site" name="test_portal_login_redirects[driver@autoads.test-/portal/driver]" time="0.518" /><testcase classname="tests.test_public_site" name="test_portal_login_redirects[owner@autoads.test-/portal/owner]" time="0.460" /><testcase classname="tests.test_public_site" name="test_portal_login_redirects[tech@autoads.test-/portal/technician]" time="0.559" /><testcase classname="tests.test_public_site" name="test_admin_sidebar_has_website_leads_and_brand" time="0.126" /><testcase classname="tests.test_public_site" name="test_api_docs_gated_for_guest" time="0.316" /><testcase classname="tests.test_public_site" name="test_advertiser_api_login_and_scope" time="0.640" /></testsuite></testsuites>