<?xml version="1.0" encoding="utf-8"?><testsuites name="pytest tests"><testsuite name="pytest" errors="0" failures="6" skipped="1" tests="33" time="3.718" timestamp="2026-09-17T19:19:08.054533+00:00" hostname="agent-env-e593cfd4-94ec-4782-b6d2-96db6262fe49"><testcase classname="tests.test_phase2_ui.TestCommandCenterDashboard" name="test_dashboard_renders_and_key_markers" time="1.100" /><testcase classname="tests.test_phase2_ui" name="test_admin_no_500[/dashboard]" time="1.165" /><testcase classname="tests.test_phase2_ui.TestCommandCenterDashboard" name="test_dashboard_kpi_testids[kpi-total-autos]" time="0.119" /><testcase classname="tests.test_phase2_ui" name="test_admin_no_500[/autos]" time="0.116" /><testcase classname="tests.test_phase2_ui.TestCommandCenterDashboard" name="test_dashboard_kpi_testids[kpi-active-autos]" time="0.109" /><testcase classname="tests.test_phase2_ui" name="test_admin_no_500[/campaigns]" time="0.115" /><testcase classname="tests.test_phase2_ui.TestCommandCenterDashboard" name="test_dashboard_kpi_testids[kpi-screens-online]" time="0.109" /><testcase classname="tests.test_phase2_ui" name="test_admin_no_500[/invoices]" time="0.103" /><testcase classname="tests.test_phase2_ui.TestCommandCenterDashboard" name="test_dashboard_kpi_testids[fin-net-profit]" time="0.112" /><testcase classname="tests.test_phase2_ui" name="test_admin_no_500[/settlements]" time="0.110" /><testcase classname="tests.test_phase2_ui.TestCommandCenterDashboard" name="test_dashboard_kpi_testids[fin-today-revenue]" time="0.116" /><testcase classname="tests.test_phase2_ui" name="test_admin_no_500[/users]" time="0.110" /><testcase classname="tests.test_phase2_ui.TestCommandCenterDashboard" name="test_dashboard_has_alert_rows" time="0.121" /><testcase classname="tests.test_phase2_ui" name="test_admin_no_500[/leads]" time="0.122" /><testcase classname="tests.test_phase2_ui.TestCommandCenterDashboard" name="test_dashboard_revchart_canvas" time="0.113" /><testcase classname="tests.test_phase2_ui" name="test_admin_no_500[/devices]" time="0.137" /><testcase classname="tests.test_phase2_ui.TestCrudListPages" name="test_list_page_200_and_shell[/autos-autos]" time="0.110" /><testcase classname="tests.test_phase2_ui.TestAdminShell" name="test_sidebar_has_nav_groups_and_links" time="0.125"><failure message="AssertionError: only 1 sidebar nav links found&#10;assert 1 &gt;= 4">backend/tests/test_phase2_ui.py:111: in test_sidebar_has_nav_groups_and_links
    assert found &gt;= 4, f"only {found} sidebar nav links found"
E   AssertionError: only 1 sidebar nav links found
E   assert 1 &gt;= 4</failure></testcase><testcase classname="tests.test_phase2_ui.TestCrudListPages" name="test_list_page_200_and_shell[/campaigns-campaigns]" time="0.118"><failure message="AssertionError: missing search-campaigns on /campaigns&#10;assert 'data-testid=&quot;search-campaigns&quot;' in '&lt;!DOCTYPE html&gt;\n&lt;html lang=&quot;en&quot; class=&quot;dark&quot;&gt;\n&lt;head&gt;\n    &lt;meta charset=&quot;utf-8&quot;&gt;\n    &lt;meta name=&quot;viewport&quot; content=&quot;width=device-width, initial-scale=1&quot;&gt;\n    &lt;meta name=&quot;csrf-token&quot; content=&quot;PUDMcaKLqGLQi9qTHqSxjQ9iFuAdM8vturhxYbas&quot;&gt;\n    &lt;title&gt;Campaigns&lt;/title&gt;\n    &lt;link href=&quot;https://fonts.googleapis.com/css2?family=Barlow+Condensed:wght@500;600;700;800&amp;family=JetBrains+Mono:wght@400;500;600&amp;family=Plus+Jakarta+Sans:wght@400;500;600;700;800&amp;display=swap&quot; rel=&quot;stylesheet&quot;&gt;\n    &lt;script src=&quot;https://cdn.tailwindcss.com&quot;&gt;&lt;/script&gt;\n    &lt;script&gt;\n      tailwind.config = { darkMode:\'class\', theme:{ extend:{ fontFamily:{\n        heading:[&quot;\'Barlow Condensed\'&quot;,&quot;sans-serif&quot;], body:[&quot;\'Plus Jakarta Sans\'&quot;,&quot;sans-serif&quot;], mono:[&quot;\'JetBrains Mono\'&quot;,&quot;monospace&quot;] },\n        colors:{ ink:\'#070A10\', surface:\'#0B0F17\', sidebar:\'#090D14\', card:\'#111827\', brand:{DEFAULT:\'#F59E0B\',600:\'#D97706\',700:\'#B45309\'} } }}}\n    &lt;/script&gt;\n    &lt;script src=&quot;https://unpkg.com/lucide@latest&quot;&gt;&lt;/script&gt;\n    &lt;script defer src=&quot;https://cdn.jsdelivr.net/npm/@alpinejs/collapse@3.x.x/dist/cdn.min.js&quot;&gt;&lt;/script&gt;\n    &lt;script defer src=&quot;https://cdn.jsdelivr.net/npm/alpinejs@3.x.x/dist/cdn.m...m[method=POST],form[method=post]\').forEach(f=&gt;{if(!f.querySelector(\'input[name=_token]\')){const i=document.createElement(\'input\');i.type=\'hidden\';i.name=\'_token\';i.value=t;f.appendChild(i)}})});&lt;/script&gt;\n&lt;script&gt;(function(){function c(){var b=a.contentDocument||(a.contentWindow&amp;&amp;a.contentWindow.document);if(b){var d=b.createElement(\'script\');d.innerHTML=&quot;window.__CF$cv$params={r:\'a3ca7602c89623d3\',t:\'MTc4OTY3Mjc1MA==\'};var a=document.createElement(\'script\');a.src=\'/cdn-cgi/challenge-platform/scripts/jsd/main.js\';document.getElementsByTagName(\'head\')[0].appendChild(a);&quot;;b.getElementsByTagName(\'head\')[0].appendChild(d)}}if(document.body){var a=document.createElement(\'iframe\');a.height=1;a.width=1;a.style.position=\'absolute\';a.style.top=0;a.style.left=0;a.style.border=\'none\';a.style.visibility=\'hidden\';document.body.appendChild(a);if(\'loading\'!==document.readyState)c();else if(window.addEventListener)document.addEventListener(\'DOMContentLoaded\',c);else{var e=document.onreadystatechange||function(){};document.onreadystatechange=function(b){e(b);\'loading\'!==document.readyState&amp;&amp;(document.onreadystatechange=e,c())}}}})();&lt;/script&gt;&lt;/body&gt;\n&lt;/html&gt;\n'">backend/tests/test_phase2_ui.py:153: in test_list_page_200_and_shell
    assert f'data-testid="search-{slug}"' in html, f"missing search-{slug} on {path}"
E   AssertionError: missing search-campaigns on /campaigns
E   assert 'data-testid="search-campaigns"' in '&lt;!DOCTYPE html&gt;\n&lt;html lang="en" class="dark"&gt;\n&lt;head&gt;\n    &lt;meta charset="utf-8"&gt;\n    &lt;meta name="viewport" content="width=device-width, initial-scale=1"&gt;\n    &lt;meta name="csrf-token" content="PUDMcaKLqGLQi9qTHqSxjQ9iFuAdM8vturhxYbas"&gt;\n    &lt;title&gt;Campaigns&lt;/title&gt;\n    &lt;link href="https://fonts.googleapis.com/css2?family=Barlow+Condensed:wght@500;600;700;800&amp;family=JetBrains+Mono:wght@400;500;600&amp;family=Plus+Jakarta+Sans:wght@400;500;600;700;800&amp;display=swap" rel="stylesheet"&gt;\n    &lt;script src="https://cdn.tailwindcss.com"&gt;&lt;/script&gt;\n    &lt;script&gt;\n      tailwind.config = { darkMode:\'class\', theme:{ extend:{ fontFamily:{\n        heading:["\'Barlow Condensed\'","sans-serif"], body:["\'Plus Jakarta Sans\'","sans-serif"], mono:["\'JetBrains Mono\'","monospace"] },\n        colors:{ ink:\'#070A10\', surface:\'#0B0F17\', sidebar:\'#090D14\', card:\'#111827\', brand:{DEFAULT:\'#F59E0B\',600:\'#D97706\',700:\'#B45309\'} } }}}\n    &lt;/script&gt;\n    &lt;script src="https://unpkg.com/lucide@latest"&gt;&lt;/script&gt;\n    &lt;script defer src="https://cdn.jsdelivr.net/npm/@alpinejs/collapse@3.x.x/dist/cdn.min.js"&gt;&lt;/script&gt;\n    &lt;script defer src="https://cdn.jsdelivr.net/npm/alpinejs@3.x.x/dist/cdn.m...m[method=POST],form[method=post]\').forEach(f=&gt;{if(!f.querySelector(\'input[name=_token]\')){const i=document.createElement(\'input\');i.type=\'hidden\';i.name=\'_token\';i.value=t;f.appendChild(i)}})});&lt;/script&gt;\n&lt;script&gt;(function(){function c(){var b=a.contentDocument||(a.contentWindow&amp;&amp;a.contentWindow.document);if(b){var d=b.createElement(\'script\');d.innerHTML="window.__CF$cv$params={r:\'a3ca7602c89623d3\',t:\'MTc4OTY3Mjc1MA==\'};var a=document.createElement(\'script\');a.src=\'/cdn-cgi/challenge-platform/scripts/jsd/main.js\';document.getElementsByTagName(\'head\')[0].appendChild(a);";b.getElementsByTagName(\'head\')[0].appendChild(d)}}if(document.body){var a=document.createElement(\'iframe\');a.height=1;a.width=1;a.style.position=\'absolute\';a.style.top=0;a.style.left=0;a.style.border=\'none\';a.style.visibility=\'hidden\';document.body.appendChild(a);if(\'loading\'!==document.readyState)c();else if(window.addEventListener)document.addEventListener(\'DOMContentLoaded\',c);else{var e=document.onreadystatechange||function(){};document.onreadystatechange=function(b){e(b);\'loading\'!==document.readyState&amp;&amp;(document.onreadystatechange=e,c())}}}})();&lt;/script&gt;&lt;/body&gt;\n&lt;/html&gt;\n'</failure></testcase><testcase classname="tests.test_phase2_ui.TestAdminShell" name="test_sidebar_collapse_toggle_present" time="0.112" /><testcase classname="tests.test_phase2_ui.TestCrudListPages" name="test_list_page_200_and_shell[/invoices-invoices]" time="0.114"><failure message="AssertionError: missing search-invoices on /invoices&#10;assert 'data-testid=&quot;search-invoices&quot;' in '&lt;!DOCTYPE html&gt;\n&lt;html lang=&quot;en&quot; class=&quot;dark&quot;&gt;\n&lt;head&gt;\n    &lt;meta charset=&quot;utf-8&quot;&gt;\n    &lt;meta name=&quot;viewport&quot; content=&quot;width=device-width, initial-scale=1&quot;&gt;\n    &lt;meta name=&quot;csrf-token&quot; content=&quot;PUDMcaKLqGLQi9qTHqSxjQ9iFuAdM8vturhxYbas&quot;&gt;\n    &lt;title&gt;Invoices&lt;/title&gt;\n    &lt;link href=&quot;https://fonts.googleapis.com/css2?family=Barlow+Condensed:wght@500;600;700;800&amp;family=JetBrains+Mono:wght@400;500;600&amp;family=Plus+Jakarta+Sans:wght@400;500;600;700;800&amp;display=swap&quot; rel=&quot;stylesheet&quot;&gt;\n    &lt;script src=&quot;https://cdn.tailwindcss.com&quot;&gt;&lt;/script&gt;\n    &lt;script&gt;\n      tailwind.config = { darkMode:\'class\', theme:{ extend:{ fontFamily:{\n        heading:[&quot;\'Barlow Condensed\'&quot;,&quot;sans-serif&quot;], body:[&quot;\'Plus Jakarta Sans\'&quot;,&quot;sans-serif&quot;], mono:[&quot;\'JetBrains Mono\'&quot;,&quot;monospace&quot;] },\n        colors:{ ink:\'#070A10\', surface:\'#0B0F17\', sidebar:\'#090D14\', card:\'#111827\', brand:{DEFAULT:\'#F59E0B\',600:\'#D97706\',700:\'#B45309\'} } }}}\n    &lt;/script&gt;\n    &lt;script src=&quot;https://unpkg.com/lucide@latest&quot;&gt;&lt;/script&gt;\n    &lt;script defer src=&quot;https://cdn.jsdelivr.net/npm/@alpinejs/collapse@3.x.x/dist/cdn.min.js&quot;&gt;&lt;/script&gt;\n    &lt;script defer src=&quot;https://cdn.jsdelivr.net/npm/alpinejs@3.x.x/dist/cdn.mi...m[method=POST],form[method=post]\').forEach(f=&gt;{if(!f.querySelector(\'input[name=_token]\')){const i=document.createElement(\'input\');i.type=\'hidden\';i.name=\'_token\';i.value=t;f.appendChild(i)}})});&lt;/script&gt;\n&lt;script&gt;(function(){function c(){var b=a.contentDocument||(a.contentWindow&amp;&amp;a.contentWindow.document);if(b){var d=b.createElement(\'script\');d.innerHTML=&quot;window.__CF$cv$params={r:\'a3ca7603aba823d3\',t:\'MTc4OTY3Mjc1MA==\'};var a=document.createElement(\'script\');a.src=\'/cdn-cgi/challenge-platform/scripts/jsd/main.js\';document.getElementsByTagName(\'head\')[0].appendChild(a);&quot;;b.getElementsByTagName(\'head\')[0].appendChild(d)}}if(document.body){var a=document.createElement(\'iframe\');a.height=1;a.width=1;a.style.position=\'absolute\';a.style.top=0;a.style.left=0;a.style.border=\'none\';a.style.visibility=\'hidden\';document.body.appendChild(a);if(\'loading\'!==document.readyState)c();else if(window.addEventListener)document.addEventListener(\'DOMContentLoaded\',c);else{var e=document.onreadystatechange||function(){};document.onreadystatechange=function(b){e(b);\'loading\'!==document.readyState&amp;&amp;(document.onreadystatechange=e,c())}}}})();&lt;/script&gt;&lt;/body&gt;\n&lt;/html&gt;\n'">backend/tests/test_phase2_ui.py:153: in test_list_page_200_and_shell
    assert f'data-testid="search-{slug}"' in html, f"missing search-{slug} on {path}"
E   AssertionError: missing search-invoices on /invoices
E   assert 'data-testid="search-invoices"' in '&lt;!DOCTYPE html&gt;\n&lt;html lang="en" class="dark"&gt;\n&lt;head&gt;\n    &lt;meta charset="utf-8"&gt;\n    &lt;meta name="viewport" content="width=device-width, initial-scale=1"&gt;\n    &lt;meta name="csrf-token" content="PUDMcaKLqGLQi9qTHqSxjQ9iFuAdM8vturhxYbas"&gt;\n    &lt;title&gt;Invoices&lt;/title&gt;\n    &lt;link href="https://fonts.googleapis.com/css2?family=Barlow+Condensed:wght@500;600;700;800&amp;family=JetBrains+Mono:wght@400;500;600&amp;family=Plus+Jakarta+Sans:wght@400;500;600;700;800&amp;display=swap" rel="stylesheet"&gt;\n    &lt;script src="https://cdn.tailwindcss.com"&gt;&lt;/script&gt;\n    &lt;script&gt;\n      tailwind.config = { darkMode:\'class\', theme:{ extend:{ fontFamily:{\n        heading:["\'Barlow Condensed\'","sans-serif"], body:["\'Plus Jakarta Sans\'","sans-serif"], mono:["\'JetBrains Mono\'","monospace"] },\n        colors:{ ink:\'#070A10\', surface:\'#0B0F17\', sidebar:\'#090D14\', card:\'#111827\', brand:{DEFAULT:\'#F59E0B\',600:\'#D97706\',700:\'#B45309\'} } }}}\n    &lt;/script&gt;\n    &lt;script src="https://unpkg.com/lucide@latest"&gt;&lt;/script&gt;\n    &lt;script defer src="https://cdn.jsdelivr.net/npm/@alpinejs/collapse@3.x.x/dist/cdn.min.js"&gt;&lt;/script&gt;\n    &lt;script defer src="https://cdn.jsdelivr.net/npm/alpinejs@3.x.x/dist/cdn.mi...m[method=POST],form[method=post]\').forEach(f=&gt;{if(!f.querySelector(\'input[name=_token]\')){const i=document.createElement(\'input\');i.type=\'hidden\';i.name=\'_token\';i.value=t;f.appendChild(i)}})});&lt;/script&gt;\n&lt;script&gt;(function(){function c(){var b=a.contentDocument||(a.contentWindow&amp;&amp;a.contentWindow.document);if(b){var d=b.createElement(\'script\');d.innerHTML="window.__CF$cv$params={r:\'a3ca7603aba823d3\',t:\'MTc4OTY3Mjc1MA==\'};var a=document.createElement(\'script\');a.src=\'/cdn-cgi/challenge-platform/scripts/jsd/main.js\';document.getElementsByTagName(\'head\')[0].appendChild(a);";b.getElementsByTagName(\'head\')[0].appendChild(d)}}if(document.body){var a=document.createElement(\'iframe\');a.height=1;a.width=1;a.style.position=\'absolute\';a.style.top=0;a.style.left=0;a.style.border=\'none\';a.style.visibility=\'hidden\';document.body.appendChild(a);if(\'loading\'!==document.readyState)c();else if(window.addEventListener)document.addEventListener(\'DOMContentLoaded\',c);else{var e=document.onreadystatechange||function(){};document.onreadystatechange=function(b){e(b);\'loading\'!==document.readyState&amp;&amp;(document.onreadystatechange=e,c())}}}})();&lt;/script&gt;&lt;/body&gt;\n&lt;/html&gt;\n'</failure></testcase><testcase classname="tests.test_phase2_ui.TestAdminShell" name="test_header_widgets_present" time="0.146" /><testcase classname="tests.test_phase2_ui.TestCrudListPages" name="test_list_page_200_and_shell[/settlements-settlements]" time="0.104"><failure message="AssertionError: missing search-settlements on /settlements&#10;assert 'data-testid=&quot;search-settlements&quot;' in '&lt;!DOCTYPE html&gt;\n&lt;html lang=&quot;en&quot; class=&quot;dark&quot;&gt;\n&lt;head&gt;\n    &lt;meta charset=&quot;utf-8&quot;&gt;\n    &lt;meta name=&quot;viewport&quot; content=&quot;width=device-width, initial-scale=1&quot;&gt;\n    &lt;meta name=&quot;csrf-token&quot; content=&quot;PUDMcaKLqGLQi9qTHqSxjQ9iFuAdM8vturhxYbas&quot;&gt;\n    &lt;title&gt;Settlements&lt;/title&gt;\n    &lt;link href=&quot;https://fonts.googleapis.com/css2?family=Barlow+Condensed:wght@500;600;700;800&amp;family=JetBrains+Mono:wght@400;500;600&amp;family=Plus+Jakarta+Sans:wght@400;500;600;700;800&amp;display=swap&quot; rel=&quot;stylesheet&quot;&gt;\n    &lt;script src=&quot;https://cdn.tailwindcss.com&quot;&gt;&lt;/script&gt;\n    &lt;script&gt;\n      tailwind.config = { darkMode:\'class\', theme:{ extend:{ fontFamily:{\n        heading:[&quot;\'Barlow Condensed\'&quot;,&quot;sans-serif&quot;], body:[&quot;\'Plus Jakarta Sans\'&quot;,&quot;sans-serif&quot;], mono:[&quot;\'JetBrains Mono\'&quot;,&quot;monospace&quot;] },\n        colors:{ ink:\'#070A10\', surface:\'#0B0F17\', sidebar:\'#090D14\', card:\'#111827\', brand:{DEFAULT:\'#F59E0B\',600:\'#D97706\',700:\'#B45309\'} } }}}\n    &lt;/script&gt;\n    &lt;script src=&quot;https://unpkg.com/lucide@latest&quot;&gt;&lt;/script&gt;\n    &lt;script defer src=&quot;https://cdn.jsdelivr.net/npm/@alpinejs/collapse@3.x.x/dist/cdn.min.js&quot;&gt;&lt;/script&gt;\n    &lt;script defer src=&quot;https://cdn.jsdelivr.net/npm/alpinejs@3.x.x/dist/cdn...m[method=POST],form[method=post]\').forEach(f=&gt;{if(!f.querySelector(\'input[name=_token]\')){const i=document.createElement(\'input\');i.type=\'hidden\';i.name=\'_token\';i.value=t;f.appendChild(i)}})});&lt;/script&gt;\n&lt;script&gt;(function(){function c(){var b=a.contentDocument||(a.contentWindow&amp;&amp;a.contentWindow.document);if(b){var d=b.createElement(\'script\');d.innerHTML=&quot;window.__CF$cv$params={r:\'a3ca76045e8d23d3\',t:\'MTc4OTY3Mjc1MA==\'};var a=document.createElement(\'script\');a.src=\'/cdn-cgi/challenge-platform/scripts/jsd/main.js\';document.getElementsByTagName(\'head\')[0].appendChild(a);&quot;;b.getElementsByTagName(\'head\')[0].appendChild(d)}}if(document.body){var a=document.createElement(\'iframe\');a.height=1;a.width=1;a.style.position=\'absolute\';a.style.top=0;a.style.left=0;a.style.border=\'none\';a.style.visibility=\'hidden\';document.body.appendChild(a);if(\'loading\'!==document.readyState)c();else if(window.addEventListener)document.addEventListener(\'DOMContentLoaded\',c);else{var e=document.onreadystatechange||function(){};document.onreadystatechange=function(b){e(b);\'loading\'!==document.readyState&amp;&amp;(document.onreadystatechange=e,c())}}}})();&lt;/script&gt;&lt;/body&gt;\n&lt;/html&gt;\n'">backend/tests/test_phase2_ui.py:153: in test_list_page_200_and_shell
    assert f'data-testid="search-{slug}"' in html, f"missing search-{slug} on {path}"
E   AssertionError: missing search-settlements on /settlements
E   assert 'data-testid="search-settlements"' in '&lt;!DOCTYPE html&gt;\n&lt;html lang="en" class="dark"&gt;\n&lt;head&gt;\n    &lt;meta charset="utf-8"&gt;\n    &lt;meta name="viewport" content="width=device-width, initial-scale=1"&gt;\n    &lt;meta name="csrf-token" content="PUDMcaKLqGLQi9qTHqSxjQ9iFuAdM8vturhxYbas"&gt;\n    &lt;title&gt;Settlements&lt;/title&gt;\n    &lt;link href="https://fonts.googleapis.com/css2?family=Barlow+Condensed:wght@500;600;700;800&amp;family=JetBrains+Mono:wght@400;500;600&amp;family=Plus+Jakarta+Sans:wght@400;500;600;700;800&amp;display=swap" rel="stylesheet"&gt;\n    &lt;script src="https://cdn.tailwindcss.com"&gt;&lt;/script&gt;\n    &lt;script&gt;\n      tailwind.config = { darkMode:\'class\', theme:{ extend:{ fontFamily:{\n        heading:["\'Barlow Condensed\'","sans-serif"], body:["\'Plus Jakarta Sans\'","sans-serif"], mono:["\'JetBrains Mono\'","monospace"] },\n        colors:{ ink:\'#070A10\', surface:\'#0B0F17\', sidebar:\'#090D14\', card:\'#111827\', brand:{DEFAULT:\'#F59E0B\',600:\'#D97706\',700:\'#B45309\'} } }}}\n    &lt;/script&gt;\n    &lt;script src="https://unpkg.com/lucide@latest"&gt;&lt;/script&gt;\n    &lt;script defer src="https://cdn.jsdelivr.net/npm/@alpinejs/collapse@3.x.x/dist/cdn.min.js"&gt;&lt;/script&gt;\n    &lt;script defer src="https://cdn.jsdelivr.net/npm/alpinejs@3.x.x/dist/cdn...m[method=POST],form[method=post]\').forEach(f=&gt;{if(!f.querySelector(\'input[name=_token]\')){const i=document.createElement(\'input\');i.type=\'hidden\';i.name=\'_token\';i.value=t;f.appendChild(i)}})});&lt;/script&gt;\n&lt;script&gt;(function(){function c(){var b=a.contentDocument||(a.contentWindow&amp;&amp;a.contentWindow.document);if(b){var d=b.createElement(\'script\');d.innerHTML="window.__CF$cv$params={r:\'a3ca76045e8d23d3\',t:\'MTc4OTY3Mjc1MA==\'};var a=document.createElement(\'script\');a.src=\'/cdn-cgi/challenge-platform/scripts/jsd/main.js\';document.getElementsByTagName(\'head\')[0].appendChild(a);";b.getElementsByTagName(\'head\')[0].appendChild(d)}}if(document.body){var a=document.createElement(\'iframe\');a.height=1;a.width=1;a.style.position=\'absolute\';a.style.top=0;a.style.left=0;a.style.border=\'none\';a.style.visibility=\'hidden\';document.body.appendChild(a);if(\'loading\'!==document.readyState)c();else if(window.addEventListener)document.addEventListener(\'DOMContentLoaded\',c);else{var e=document.onreadystatechange||function(){};document.onreadystatechange=function(b){e(b);\'loading\'!==document.readyState&amp;&amp;(document.onreadystatechange=e,c())}}}})();&lt;/script&gt;&lt;/body&gt;\n&lt;/html&gt;\n'</failure></testcase><testcase classname="tests.test_phase2_ui.TestCrudListPages" name="test_list_page_200_and_shell[/users-users]" time="0.115" /><testcase classname="tests.test_phase2_ui.TestAdminShell" name="test_mobile_sidebar_open_present" time="0.116" /><testcase classname="tests.test_phase2_ui.TestCrudListPages" name="test_list_page_200_and_shell[/leads-leads]" time="0.114"><failure message="AssertionError: missing search-leads on /leads&#10;assert 'data-testid=&quot;search-leads&quot;' in '&lt;!DOCTYPE html&gt;\n&lt;html lang=&quot;en&quot; class=&quot;dark&quot;&gt;\n&lt;head&gt;\n    &lt;meta charset=&quot;utf-8&quot;&gt;\n    &lt;meta name=&quot;viewport&quot; content=&quot;width=device-width, initial-scale=1&quot;&gt;\n    &lt;meta name=&quot;csrf-token&quot; content=&quot;PUDMcaKLqGLQi9qTHqSxjQ9iFuAdM8vturhxYbas&quot;&gt;\n    &lt;title&gt;Website Leads&lt;/title&gt;\n    &lt;link href=&quot;https://fonts.googleapis.com/css2?family=Barlow+Condensed:wght@500;600;700;800&amp;family=JetBrains+Mono:wght@400;500;600&amp;family=Plus+Jakarta+Sans:wght@400;500;600;700;800&amp;display=swap&quot; rel=&quot;stylesheet&quot;&gt;\n    &lt;script src=&quot;https://cdn.tailwindcss.com&quot;&gt;&lt;/script&gt;\n    &lt;script&gt;\n      tailwind.config = { darkMode:\'class\', theme:{ extend:{ fontFamily:{\n        heading:[&quot;\'Barlow Condensed\'&quot;,&quot;sans-serif&quot;], body:[&quot;\'Plus Jakarta Sans\'&quot;,&quot;sans-serif&quot;], mono:[&quot;\'JetBrains Mono\'&quot;,&quot;monospace&quot;] },\n        colors:{ ink:\'#070A10\', surface:\'#0B0F17\', sidebar:\'#090D14\', card:\'#111827\', brand:{DEFAULT:\'#F59E0B\',600:\'#D97706\',700:\'#B45309\'} } }}}\n    &lt;/script&gt;\n    &lt;script src=&quot;https://unpkg.com/lucide@latest&quot;&gt;&lt;/script&gt;\n    &lt;script defer src=&quot;https://cdn.jsdelivr.net/npm/@alpinejs/collapse@3.x.x/dist/cdn.min.js&quot;&gt;&lt;/script&gt;\n    &lt;script defer src=&quot;https://cdn.jsdelivr.net/npm/alpinejs@3.x.x/dist/c...m[method=POST],form[method=post]\').forEach(f=&gt;{if(!f.querySelector(\'input[name=_token]\')){const i=document.createElement(\'input\');i.type=\'hidden\';i.name=\'_token\';i.value=t;f.appendChild(i)}})});&lt;/script&gt;\n&lt;script&gt;(function(){function c(){var b=a.contentDocument||(a.contentWindow&amp;&amp;a.contentWindow.document);if(b){var d=b.createElement(\'script\');d.innerHTML=&quot;window.__CF$cv$params={r:\'a3ca7605cbe023d3\',t:\'MTc4OTY3Mjc1MQ==\'};var a=document.createElement(\'script\');a.src=\'/cdn-cgi/challenge-platform/scripts/jsd/main.js\';document.getElementsByTagName(\'head\')[0].appendChild(a);&quot;;b.getElementsByTagName(\'head\')[0].appendChild(d)}}if(document.body){var a=document.createElement(\'iframe\');a.height=1;a.width=1;a.style.position=\'absolute\';a.style.top=0;a.style.left=0;a.style.border=\'none\';a.style.visibility=\'hidden\';document.body.appendChild(a);if(\'loading\'!==document.readyState)c();else if(window.addEventListener)document.addEventListener(\'DOMContentLoaded\',c);else{var e=document.onreadystatechange||function(){};document.onreadystatechange=function(b){e(b);\'loading\'!==document.readyState&amp;&amp;(document.onreadystatechange=e,c())}}}})();&lt;/script&gt;&lt;/body&gt;\n&lt;/html&gt;\n'">backend/tests/test_phase2_ui.py:153: in test_list_page_200_and_shell
    assert f'data-testid="search-{slug}"' in html, f"missing search-{slug} on {path}"
E   AssertionError: missing search-leads on /leads
E   assert 'data-testid="search-leads"' in '&lt;!DOCTYPE html&gt;\n&lt;html lang="en" class="dark"&gt;\n&lt;head&gt;\n    &lt;meta charset="utf-8"&gt;\n    &lt;meta name="viewport" content="width=device-width, initial-scale=1"&gt;\n    &lt;meta name="csrf-token" content="PUDMcaKLqGLQi9qTHqSxjQ9iFuAdM8vturhxYbas"&gt;\n    &lt;title&gt;Website Leads&lt;/title&gt;\n    &lt;link href="https://fonts.googleapis.com/css2?family=Barlow+Condensed:wght@500;600;700;800&amp;family=JetBrains+Mono:wght@400;500;600&amp;family=Plus+Jakarta+Sans:wght@400;500;600;700;800&amp;display=swap" rel="stylesheet"&gt;\n    &lt;script src="https://cdn.tailwindcss.com"&gt;&lt;/script&gt;\n    &lt;script&gt;\n      tailwind.config = { darkMode:\'class\', theme:{ extend:{ fontFamily:{\n        heading:["\'Barlow Condensed\'","sans-serif"], body:["\'Plus Jakarta Sans\'","sans-serif"], mono:["\'JetBrains Mono\'","monospace"] },\n        colors:{ ink:\'#070A10\', surface:\'#0B0F17\', sidebar:\'#090D14\', card:\'#111827\', brand:{DEFAULT:\'#F59E0B\',600:\'#D97706\',700:\'#B45309\'} } }}}\n    &lt;/script&gt;\n    &lt;script src="https://unpkg.com/lucide@latest"&gt;&lt;/script&gt;\n    &lt;script defer src="https://cdn.jsdelivr.net/npm/@alpinejs/collapse@3.x.x/dist/cdn.min.js"&gt;&lt;/script&gt;\n    &lt;script defer src="https://cdn.jsdelivr.net/npm/alpinejs@3.x.x/dist/c...m[method=POST],form[method=post]\').forEach(f=&gt;{if(!f.querySelector(\'input[name=_token]\')){const i=document.createElement(\'input\');i.type=\'hidden\';i.name=\'_token\';i.value=t;f.appendChild(i)}})});&lt;/script&gt;\n&lt;script&gt;(function(){function c(){var b=a.contentDocument||(a.contentWindow&amp;&amp;a.contentWindow.document);if(b){var d=b.createElement(\'script\');d.innerHTML="window.__CF$cv$params={r:\'a3ca7605cbe023d3\',t:\'MTc4OTY3Mjc1MQ==\'};var a=document.createElement(\'script\');a.src=\'/cdn-cgi/challenge-platform/scripts/jsd/main.js\';document.getElementsByTagName(\'head\')[0].appendChild(a);";b.getElementsByTagName(\'head\')[0].appendChild(d)}}if(document.body){var a=document.createElement(\'iframe\');a.height=1;a.width=1;a.style.position=\'absolute\';a.style.top=0;a.style.left=0;a.style.border=\'none\';a.style.visibility=\'hidden\';document.body.appendChild(a);if(\'loading\'!==document.readyState)c();else if(window.addEventListener)document.addEventListener(\'DOMContentLoaded\',c);else{var e=document.onreadystatechange||function(){};document.onreadystatechange=function(b){e(b);\'loading\'!==document.readyState&amp;&amp;(document.onreadystatechange=e,c())}}}})();&lt;/script&gt;&lt;/body&gt;\n&lt;/html&gt;\n'</failure></testcase><testcase classname="tests.test_phase2_ui.TestAdminShell" name="test_help_drawer_contains_glossary" time="0.126" /><testcase classname="tests.test_phase2_ui.TestCrudListPages" name="test_autos_row_actions_when_present" time="0.112" /><testcase classname="tests.test_phase2_ui.TestPublicRegressions" name="test_robots_txt_has_sitemap_and_rules" time="0.189"><failure message="assert 404 == 200&#10; +  where 404 = &lt;Response [404]&gt;.status_code">backend/tests/test_phase2_ui.py:48: in test_robots_txt_has_sitemap_and_rules
    assert r.status_code == 200
E   assert 404 == 200
E    +  where 404 = &lt;Response [404]&gt;.status_code</failure></testcase><testcase classname="tests.test_phase2_ui.TestDetailAndForm" name="test_autos_create_form" time="0.127" /><testcase classname="tests.test_phase2_ui.TestPublicRegressions" name="test_faq_has_no_broken_lucide_and_uses_collapse" time="0.212" /><testcase classname="tests.test_phase2_ui.TestDetailAndForm" name="test_autos_detail_page" time="0.128"><skipped type="pytest.skip" message="no autos row available">/app/backend/tests/test_phase2_ui.py:184: no autos row available</skipped></testcase><testcase classname="tests.test_phase2_ui.TestPublicRegressions" name="test_public_footer_has_svg_socials" time="0.200" /></testsuite></testsuites>