<?xml version="1.0" encoding="utf-8"?><testsuites name="pytest tests"><testsuite name="pytest" errors="0" failures="0" skipped="0" tests="70" time="17.757" timestamp="2026-09-17T13:55:55.112014+00:00" hostname="agent-env-e593cfd4-94ec-4782-b6d2-96db6262fe49"><testcase classname="tests.test_autoads" name="test_login_page_loads" time="0.316" /><testcase classname="tests.test_autoads" name="test_admin_login_redirects_to_dashboard" time="0.500" /><testcase classname="tests.test_autoads" name="test_advertiser_login_redirects_to_portal" time="0.512" /><testcase classname="tests.test_autoads" name="test_driver_login_redirects_to_portal" time="0.508" /><testcase classname="tests.test_autoads" name="test_owner_login_redirects_to_portal" time="0.465" /><testcase classname="tests.test_autoads" name="test_tech_login_redirects_to_portal" time="0.457" /><testcase classname="tests.test_autoads" name="test_admin_page_renders[/dashboard]" time="0.609" /><testcase classname="tests.test_autoads" name="test_admin_page_renders[/autos]" time="0.124" /><testcase classname="tests.test_autoads" name="test_admin_page_renders[/owners]" time="0.115" /><testcase classname="tests.test_autoads" name="test_admin_page_renders[/drivers]" time="0.108" /><testcase classname="tests.test_autoads" name="test_admin_page_renders[/screens]" time="0.104" /><testcase classname="tests.test_autoads" name="test_admin_page_renders[/devices]" time="0.129" /><testcase classname="tests.test_autoads" name="test_admin_page_renders[/sims]" time="0.121" /><testcase classname="tests.test_autoads" name="test_admin_page_renders[/advertisers]" time="0.113" /><testcase classname="tests.test_autoads" name="test_admin_page_renders[/advertisements]" time="0.111" /><testcase classname="tests.test_autoads" name="test_admin_page_renders[/advertisements/approvals]" time="0.113" /><testcase classname="tests.test_autoads" name="test_admin_page_renders[/campaigns]" time="0.121" /><testcase classname="tests.test_autoads" name="test_admin_page_renders[/playlists]" time="0.111" /><testcase classname="tests.test_autoads" name="test_admin_page_renders[/proof-of-play]" time="0.110" /><testcase classname="tests.test_autoads" name="test_admin_page_renders[/installations]" time="0.110" /><testcase classname="tests.test_autoads" name="test_admin_page_renders[/assets]" time="0.106" /><testcase classname="tests.test_autoads" name="test_admin_page_renders[/maintenance]" time="0.184" /><testcase classname="tests.test_autoads" name="test_admin_page_renders[/warranties]" time="0.115" /><testcase classname="tests.test_autoads" name="test_admin_page_renders[/vendors]" time="0.124" /><testcase classname="tests.test_autoads" name="test_admin_page_renders[/revenue]" time="0.132" /><testcase classname="tests.test_autoads" name="test_admin_page_renders[/invoices]" time="0.128" /><testcase classname="tests.test_autoads" name="test_admin_page_renders[/payments]" time="0.127" /><testcase classname="tests.test_autoads" name="test_admin_page_renders[/expenses]" time="0.151" /><testcase classname="tests.test_autoads" name="test_admin_page_renders[/rate-cards]" time="0.106" /><testcase classname="tests.test_autoads" name="test_admin_page_renders[/earnings]" time="0.114" /><testcase classname="tests.test_autoads" name="test_admin_page_renders[/settlements]" time="0.116" /><testcase classname="tests.test_autoads" name="test_admin_page_renders[/profitability]" time="0.128" /><testcase classname="tests.test_autoads" name="test_admin_page_renders[/reports]" time="0.110" /><testcase classname="tests.test_autoads" name="test_admin_page_renders[/reports/revenue]" time="0.105" /><testcase classname="tests.test_autoads" name="test_admin_page_renders[/reports/profitability]" time="0.122" /><testcase classname="tests.test_autoads" name="test_admin_page_renders[/reports/playback]" time="0.099" /><testcase classname="tests.test_autoads" name="test_admin_page_renders[/api-apps]" time="0.157" /><testcase classname="tests.test_autoads" name="test_admin_page_renders[/api-logs]" time="0.109" /><testcase classname="tests.test_autoads" name="test_admin_page_renders[/webhooks]" time="0.101" /><testcase classname="tests.test_autoads" name="test_admin_page_renders[/users]" time="0.105" /><testcase classname="tests.test_autoads" name="test_admin_page_renders[/roles]" time="0.101" /><testcase classname="tests.test_autoads" name="test_admin_page_renders[/audit-logs]" time="0.106" /><testcase classname="tests.test_autoads" name="test_admin_page_renders[/email-logs]" time="0.105" /><testcase classname="tests.test_autoads" name="test_admin_page_renders[/notification-logs]" time="0.108" /><testcase classname="tests.test_autoads" name="test_admin_page_renders[/settings]" time="0.118" /><testcase classname="tests.test_autoads" name="test_admin_page_renders[/search?q=phonepe]" time="0.107" /><testcase classname="tests.test_autoads" name="test_admin_page_renders[/devices/1]" time="0.132" /><testcase classname="tests.test_autoads" name="test_admin_page_renders[/autos/1]" time="0.115" /><testcase classname="tests.test_autoads" name="test_admin_page_renders[/campaigns/1]" time="0.115" /><testcase classname="tests.test_autoads" name="test_admin_page_renders[/drivers/1]" time="0.145" /><testcase classname="tests.test_autoads" name="test_advertiser_portal_content" time="0.623" /><testcase classname="tests.test_autoads" name="test_driver_portal_content" time="0.586" /><testcase classname="tests.test_autoads" name="test_owner_portal_content" time="0.581" /><testcase classname="tests.test_autoads" name="test_tech_portal_content" time="0.632" /><testcase classname="tests.test_autoads" name="test_users_index_and_create_form" time="0.220" /><testcase classname="tests.test_autoads" name="test_users_create_and_flash" time="0.549" /><testcase classname="tests.test_autoads" name="test_roles_index_and_forms" time="0.342" /><testcase classname="tests.test_autoads" name="test_swagger_ui" time="0.240" /><testcase classname="tests.test_autoads" name="test_openapi_json" time="0.169" /><testcase classname="tests.test_autoads" name="test_api_me" time="0.585" /><testcase classname="tests.test_autoads" name="test_api_campaigns" time="0.180" /><testcase classname="tests.test_autoads" name="test_api_autos" time="0.165" /><testcase classname="tests.test_autoads" name="test_device_authenticate" time="1.081" /><testcase classname="tests.test_autoads" name="test_device_heartbeat" time="0.379" /><testcase classname="tests.test_autoads" name="test_device_configuration" time="0.457" /><testcase classname="tests.test_autoads" name="test_device_campaigns" time="0.380" /><testcase classname="tests.test_autoads" name="test_device_content" time="0.377" /><testcase classname="tests.test_autoads" name="test_device_playback_events" time="0.397" /><testcase classname="tests.test_autoads" name="test_device_status" time="0.383" /><testcase classname="tests.test_autoads" name="test_device_acknowledgement" time="0.373" /></testsuite></testsuites>