<?xml version="1.0" encoding="utf-8"?><testsuites name="pytest tests"><testsuite name="pytest" errors="0" failures="2" skipped="0" tests="20" time="7.535" timestamp="2026-09-17T17:26:17.714831+00:00" hostname="agent-env-e593cfd4-94ec-4782-b6d2-96db6262fe49"><testcase classname="tests.test_security.TestApiDocsGating" name="test_docs_guest_401" time="0.336" /><testcase classname="tests.test_security.TestSec001Authorization" name="test_advertiser_forbidden_on_owners" time="0.812" /><testcase classname="tests.test_security.TestApiDocsGating" name="test_openapi_guest_401" time="0.208" /><testcase classname="tests.test_security.TestApiDocsGating" name="test_docs_admin_session_200" time="0.675" /><testcase classname="tests.test_security.TestSec001Authorization" name="test_advertiser_forbidden_on_drivers" time="0.704" /><testcase classname="tests.test_security.TestApiDocsGating" name="test_openapi_admin_session_200" time="0.751" /><testcase classname="tests.test_security.TestSec001Authorization" name="test_advertiser_forbidden_on_payments" time="0.714" /><testcase classname="tests.test_security.TestSec002DebugOff" name="test_404_generic_page" time="0.161" /><testcase classname="tests.test_security.TestSec002DebugOff" name="test_500_generic_page_admin" time="0.777" /><testcase classname="tests.test_security.TestSec001Authorization" name="test_advertiser_forbidden_on_settlements" time="0.859" /><testcase classname="tests.test_security.TestSec003DisputeIDOR" name="test_driver_cannot_dispute_others_settlement" time="1.259" /><testcase classname="tests.test_security.TestSec001Authorization" name="test_advertiser_campaigns_scoped" time="1.054" /><testcase classname="tests.test_security.TestSec001Authorization" name="test_advertiser_cannot_read_other_campaign" time="0.718" /><testcase classname="tests.test_security.TestSec003DisputeIDOR" name="test_driver_can_dispute_own_settlement" time="0.840" /><testcase classname="tests.test_security.TestSec001Authorization" name="test_driver_settlements_scoped" time="0.632" /><testcase classname="tests.test_security.TestRateLimit" name="test_login_throttle_11th_returns_429" time="0.708" /><testcase classname="tests.test_security.TestSec001Authorization" name="test_driver_forbidden_on_autos" time="0.140"><failure message="AssertionError: api login driver@autoads.test -&gt; 429: {&quot;success&quot;:false,&quot;message&quot;:&quot;Too Many Attempts.&quot;,&quot;request_id&quot;:&quot;9571f2e8-bd35-4433-857f-db0ca49a919a&quot;}&#10;assert 429 == 200&#10; +  where 429 = &lt;Response [429]&gt;.status_code">backend/tests/test_security.py:98: in test_driver_forbidden_on_autos
    tok = _api_login(*DRIVER)
          ^^^^^^^^^^^^^^^^^^^
backend/tests/test_security.py:38: in _api_login
    assert r.status_code == 200, f"api login {email} -&gt; {r.status_code}: {r.text[:300]}"
E   AssertionError: api login driver@autoads.test -&gt; 429: {"success":false,"message":"Too Many Attempts.","request_id":"9571f2e8-bd35-4433-857f-db0ca49a919a"}
E   assert 429 == 200
E    +  where 429 = &lt;Response [429]&gt;.status_code</failure></testcase><testcase classname="tests.test_security.TestSec001Authorization" name="test_admin_has_full_access" time="0.190"><failure message="AssertionError: api login admin@autoads.test -&gt; 429: {&quot;success&quot;:false,&quot;message&quot;:&quot;Too Many Attempts.&quot;,&quot;request_id&quot;:&quot;4470a35b-d9e0-462c-b25f-c7914f2f8282&quot;}&#10;assert 429 == 200&#10; +  where 429 = &lt;Response [429]&gt;.status_code">backend/tests/test_security.py:103: in test_admin_has_full_access
    tok = _api_login(*ADMIN)
          ^^^^^^^^^^^^^^^^^^
backend/tests/test_security.py:38: in _api_login
    assert r.status_code == 200, f"api login {email} -&gt; {r.status_code}: {r.text[:300]}"
E   AssertionError: api login admin@autoads.test -&gt; 429: {"success":false,"message":"Too Many Attempts.","request_id":"4470a35b-d9e0-462c-b25f-c7914f2f8282"}
E   assert 429 == 200
E    +  where 429 = &lt;Response [429]&gt;.status_code</failure></testcase><testcase classname="tests.test_security.TestRateLimit" name="test_device_authenticate_throttle" time="0.162" /><testcase classname="tests.test_security.TestSec004UserCreate" name="test_admin_can_create_user" time="1.035" /></testsuite></testsuites>